Build started 3/7/2016 2:23:22 PM.
     1>Project "C:\Users\Nick\Downloads\BlueSoleil SDK 2.1.8\BlueSoleil SDK\SDKsample\sdksample.vcxproj" on node 2 (Build target(s)).
     1>ClCompile:
         C:\Program Files (x86)\Microsoft Visual Studio 11.0\VC\bin\CL.exe /c /I..\SDKheaders\include /ZI /nologo /W3 /WX- /Od /Oy- /D WIN32 /D _DEBUG /D _CONSOLE /D _VC80_UPGRADE=0x0600 /D _MBCS /Gm /EHsc /RTC1 /MDd /GS /Gy- /fp:precise /Zc:wchar_t /Zc:forScope /Fo".\Debug\\" /Fd".\Debug\vc110.pdb" /FR".\Debug\\" /Gd /TC /analyze- /errorReport:prompt gatt_test.c
         gatt_test.c
     1>c:\users\nick\downloads\bluesoleil sdk 2.1.8\bluesoleil sdk\sdksample\gatt_test.c(497): warning C4018: '<' : signed/unsigned mismatch
     1>c:\users\nick\downloads\bluesoleil sdk 2.1.8\bluesoleil sdk\sdksample\gatt_test.c(517): warning C4018: '<' : signed/unsigned mismatch
     1>c:\users\nick\downloads\bluesoleil sdk 2.1.8\bluesoleil sdk\sdksample\gatt_test.c(635): warning C4996: 'scanf': This function or variable may be unsafe. Consider using scanf_s instead. To disable deprecation, use _CRT_SECURE_NO_WARNINGS. See online help for details.
                 c:\program files (x86)\microsoft visual studio 11.0\vc\include\stdio.h(290) : see declaration of 'scanf'
     1>c:\users\nick\downloads\bluesoleil sdk 2.1.8\bluesoleil sdk\sdksample\gatt_test.c(644): warning C4996: 'scanf': This function or variable may be unsafe. Consider using scanf_s instead. To disable deprecation, use _CRT_SECURE_NO_WARNINGS. See online help for details.
                 c:\program files (x86)\microsoft visual studio 11.0\vc\include\stdio.h(290) : see declaration of 'scanf'
     1>c:\users\nick\downloads\bluesoleil sdk 2.1.8\bluesoleil sdk\sdksample\gatt_test.c(744): warning C4996: 'sprintf': This function or variable may be unsafe. Consider using sprintf_s instead. To disable deprecation, use _CRT_SECURE_NO_WARNINGS. See online help for details.
                 c:\program files (x86)\microsoft visual studio 11.0\vc\include\stdio.h(357) : see declaration of 'sprintf'
     1>c:\users\nick\downloads\bluesoleil sdk 2.1.8\bluesoleil sdk\sdksample\gatt_test.c(931): warning C4018: '<' : signed/unsigned mismatch
     1>c:\users\nick\downloads\bluesoleil sdk 2.1.8\bluesoleil sdk\sdksample\gatt_test.c(1281): warning C4996: 'strcpy': This function or variable may be unsafe. Consider using strcpy_s instead. To disable deprecation, use _CRT_SECURE_NO_WARNINGS. See online help for details.
                 c:\program files (x86)\microsoft visual studio 11.0\vc\include\string.h(110) : see declaration of 'strcpy'
     1>c:\users\nick\downloads\bluesoleil sdk 2.1.8\bluesoleil sdk\sdksample\gatt_test.c(1283): warning C4996: 'strcpy': This function or variable may be unsafe. Consider using strcpy_s instead. To disable deprecation, use _CRT_SECURE_NO_WARNINGS. See online help for details.
                 c:\program files (x86)\microsoft visual studio 11.0\vc\include\string.h(110) : see declaration of 'strcpy'
     1>c:\users\nick\downloads\bluesoleil sdk 2.1.8\bluesoleil sdk\sdksample\gatt_test.c(1358): warning C4996: 'strcpy': This function or variable may be unsafe. Consider using strcpy_s instead. To disable deprecation, use _CRT_SECURE_NO_WARNINGS. See online help for details.
                 c:\program files (x86)\microsoft visual studio 11.0\vc\include\string.h(110) : see declaration of 'strcpy'
     1>c:\users\nick\downloads\bluesoleil sdk 2.1.8\bluesoleil sdk\sdksample\gatt_test.c(1360): warning C4996: 'strcpy': This function or variable may be unsafe. Consider using strcpy_s instead. To disable deprecation, use _CRT_SECURE_NO_WARNINGS. See online help for details.
                 c:\program files (x86)\microsoft visual studio 11.0\vc\include\string.h(110) : see declaration of 'strcpy'
     1>c:\users\nick\downloads\bluesoleil sdk 2.1.8\bluesoleil sdk\sdksample\gatt_test.c(1363): warning C4996: 'sprintf': This function or variable may be unsafe. Consider using sprintf_s instead. To disable deprecation, use _CRT_SECURE_NO_WARNINGS. See online help for details.
                 c:\program files (x86)\microsoft visual studio 11.0\vc\include\stdio.h(357) : see declaration of 'sprintf'
     1>c:\users\nick\downloads\bluesoleil sdk 2.1.8\bluesoleil sdk\sdksample\gatt_test.c(1387): warning C4996: 'strcpy': This function or variable may be unsafe. Consider using strcpy_s instead. To disable deprecation, use _CRT_SECURE_NO_WARNINGS. See online help for details.
                 c:\program files (x86)\microsoft visual studio 11.0\vc\include\string.h(110) : see declaration of 'strcpy'
     1>c:\users\nick\downloads\bluesoleil sdk 2.1.8\bluesoleil sdk\sdksample\gatt_test.c(1389): warning C4996: 'strcpy': This function or variable may be unsafe. Consider using strcpy_s instead. To disable deprecation, use _CRT_SECURE_NO_WARNINGS. See online help for details.
                 c:\program files (x86)\microsoft visual studio 11.0\vc\include\string.h(110) : see declaration of 'strcpy'
     1>c:\users\nick\downloads\bluesoleil sdk 2.1.8\bluesoleil sdk\sdksample\gatt_test.c(1392): warning C4996: 'sprintf': This function or variable may be unsafe. Consider using sprintf_s instead. To disable deprecation, use _CRT_SECURE_NO_WARNINGS. See online help for details.
                 c:\program files (x86)\microsoft visual studio 11.0\vc\include\stdio.h(357) : see declaration of 'sprintf'
     1>c:\users\nick\downloads\bluesoleil sdk 2.1.8\bluesoleil sdk\sdksample\gatt_test.c(1419): warning C4996: 'strcpy': This function or variable may be unsafe. Consider using strcpy_s instead. To disable deprecation, use _CRT_SECURE_NO_WARNINGS. See online help for details.
                 c:\program files (x86)\microsoft visual studio 11.0\vc\include\string.h(110) : see declaration of 'strcpy'
     1>c:\users\nick\downloads\bluesoleil sdk 2.1.8\bluesoleil sdk\sdksample\gatt_test.c(1421): warning C4996: 'strcpy': This function or variable may be unsafe. Consider using strcpy_s instead. To disable deprecation, use _CRT_SECURE_NO_WARNINGS. See online help for details.
                 c:\program files (x86)\microsoft visual studio 11.0\vc\include\string.h(110) : see declaration of 'strcpy'
     1>c:\users\nick\downloads\bluesoleil sdk 2.1.8\bluesoleil sdk\sdksample\gatt_test.c(1424): warning C4996: 'sprintf': This function or variable may be unsafe. Consider using sprintf_s instead. To disable deprecation, use _CRT_SECURE_NO_WARNINGS. See online help for details.
                 c:\program files (x86)\microsoft visual studio 11.0\vc\include\stdio.h(357) : see declaration of 'sprintf'
     1>c:\users\nick\downloads\bluesoleil sdk 2.1.8\bluesoleil sdk\sdksample\gatt_test.c(1450): warning C4996: 'strcpy': This function or variable may be unsafe. Consider using strcpy_s instead. To disable deprecation, use _CRT_SECURE_NO_WARNINGS. See online help for details.
                 c:\program files (x86)\microsoft visual studio 11.0\vc\include\string.h(110) : see declaration of 'strcpy'
     1>c:\users\nick\downloads\bluesoleil sdk 2.1.8\bluesoleil sdk\sdksample\gatt_test.c(1488): warning C4996: 'sprintf': This function or variable may be unsafe. Consider using sprintf_s instead. To disable deprecation, use _CRT_SECURE_NO_WARNINGS. See online help for details.
                 c:\program files (x86)\microsoft visual studio 11.0\vc\include\stdio.h(357) : see declaration of 'sprintf'
     1>c:\users\nick\downloads\bluesoleil sdk 2.1.8\bluesoleil sdk\sdksample\gatt_test.c(1509): warning C4244: '=' : conversion from 'WORD' to 'BTUINT8', possible loss of data
     1>c:\users\nick\downloads\bluesoleil sdk 2.1.8\bluesoleil sdk\sdksample\gatt_test.c(1511): warning C4244: '=' : conversion from 'WORD' to 'BTUINT8', possible loss of data
     1>c:\users\nick\downloads\bluesoleil sdk 2.1.8\bluesoleil sdk\sdksample\gatt_test.c(1515): warning C4244: '=' : conversion from 'WORD' to 'BTUINT8', possible loss of data
     1>c:\users\nick\downloads\bluesoleil sdk 2.1.8\bluesoleil sdk\sdksample\gatt_test.c(1517): warning C4244: '=' : conversion from 'WORD' to 'BTUINT8', possible loss of data
     1>c:\users\nick\downloads\bluesoleil sdk 2.1.8\bluesoleil sdk\sdksample\gatt_test.c(1519): warning C4244: '=' : conversion from 'WORD' to 'BTUINT8', possible loss of data
     1>c:\users\nick\downloads\bluesoleil sdk 2.1.8\bluesoleil sdk\sdksample\gatt_test.c(1536): warning C4996: 'sprintf': This function or variable may be unsafe. Consider using sprintf_s instead. To disable deprecation, use _CRT_SECURE_NO_WARNINGS. See online help for details.
                 c:\program files (x86)\microsoft visual studio 11.0\vc\include\stdio.h(357) : see declaration of 'sprintf'
     1>c:\users\nick\downloads\bluesoleil sdk 2.1.8\bluesoleil sdk\sdksample\gatt_test.c(1559): warning C4996: 'sprintf': This function or variable may be unsafe. Consider using sprintf_s instead. To disable deprecation, use _CRT_SECURE_NO_WARNINGS. See online help for details.
                 c:\program files (x86)\microsoft visual studio 11.0\vc\include\stdio.h(357) : see declaration of 'sprintf'
     1>c:\users\nick\downloads\bluesoleil sdk 2.1.8\bluesoleil sdk\sdksample\gatt_test.c(1582): warning C4996: 'sprintf': This function or variable may be unsafe. Consider using sprintf_s instead. To disable deprecation, use _CRT_SECURE_NO_WARNINGS. See online help for details.
                 c:\program files (x86)\microsoft visual studio 11.0\vc\include\stdio.h(357) : see declaration of 'sprintf'
     1>c:\users\nick\downloads\bluesoleil sdk 2.1.8\bluesoleil sdk\sdksample\gatt_test.c(1622): warning C4047: '=' : 'BTBOOL' differs in levels of indirection from 'FNBLUETOOTH_GATT_ADD_SERVICE_COMPLETE_CALLBACK (__cdecl *)'
     1>c:\users\nick\downloads\bluesoleil sdk 2.1.8\bluesoleil sdk\sdksample\gatt_test.c(1627): warning C4047: '=' : 'BTBOOL' differs in levels of indirection from 'FNBLUETOOTH_GATT_READ_CHARACTERISTIC_REQUEST_CALLBACK (__cdecl *)'
     1>c:\users\nick\downloads\bluesoleil sdk 2.1.8\bluesoleil sdk\sdksample\gatt_test.c(1632): warning C4047: '=' : 'BTBOOL' differs in levels of indirection from 'FNBLUETOOTH_GATT_WRITE_CHARACTERISTIC_REQUEST_CALLBACK (__cdecl *)'
     1>c:\users\nick\downloads\bluesoleil sdk 2.1.8\bluesoleil sdk\sdksample\gatt_test.c(1637): warning C4047: '=' : 'BTBOOL' differs in levels of indirection from 'FNBLUETOOTH_GATT_READ_DESCRIPTOR_REQUEST_CALLBACK (__cdecl *)'
     1>c:\users\nick\downloads\bluesoleil sdk 2.1.8\bluesoleil sdk\sdksample\gatt_test.c(1642): warning C4047: '=' : 'BTBOOL' differs in levels of indirection from 'FNBLUETOOTH_GATT_WRITE_DESCRIPTOR_REQUEST_CALLBACK (__cdecl *)'
     1>c:\users\nick\downloads\bluesoleil sdk 2.1.8\bluesoleil sdk\sdksample\gatt_test.c(1666): warning C4996: 'strcpy': This function or variable may be unsafe. Consider using strcpy_s instead. To disable deprecation, use _CRT_SECURE_NO_WARNINGS. See online help for details.
                 c:\program files (x86)\microsoft visual studio 11.0\vc\include\string.h(110) : see declaration of 'strcpy'
     1>c:\users\nick\downloads\bluesoleil sdk 2.1.8\bluesoleil sdk\sdksample\gatt_test.c(1704): warning C4244: '=' : conversion from 'WORD' to 'BTUINT8', possible loss of data
     1>c:\users\nick\downloads\bluesoleil sdk 2.1.8\bluesoleil sdk\sdksample\gatt_test.c(1706): warning C4244: '=' : conversion from 'WORD' to 'BTUINT8', possible loss of data
     1>c:\users\nick\downloads\bluesoleil sdk 2.1.8\bluesoleil sdk\sdksample\gatt_test.c(1710): warning C4244: '=' : conversion from 'WORD' to 'BTUINT8', possible loss of data
     1>c:\users\nick\downloads\bluesoleil sdk 2.1.8\bluesoleil sdk\sdksample\gatt_test.c(1712): warning C4244: '=' : conversion from 'WORD' to 'BTUINT8', possible loss of data
     1>c:\users\nick\downloads\bluesoleil sdk 2.1.8\bluesoleil sdk\sdksample\gatt_test.c(1714): warning C4244: '=' : conversion from 'WORD' to 'BTUINT8', possible loss of data
     1>c:\users\nick\downloads\bluesoleil sdk 2.1.8\bluesoleil sdk\sdksample\gatt_test.c(1771): warning C4996: 'strcpy': This function or variable may be unsafe. Consider using strcpy_s instead. To disable deprecation, use _CRT_SECURE_NO_WARNINGS. See online help for details.
                 c:\program files (x86)\microsoft visual studio 11.0\vc\include\string.h(110) : see declaration of 'strcpy'
     1>c:\users\nick\downloads\bluesoleil sdk 2.1.8\bluesoleil sdk\sdksample\gatt_test.c(1796): warning C4996: 'strcpy': This function or variable may be unsafe. Consider using strcpy_s instead. To disable deprecation, use _CRT_SECURE_NO_WARNINGS. See online help for details.
                 c:\program files (x86)\microsoft visual studio 11.0\vc\include\string.h(110) : see declaration of 'strcpy'
     1>c:\users\nick\downloads\bluesoleil sdk 2.1.8\bluesoleil sdk\sdksample\gatt_test.c(1913): warning C4996: 'strcpy': This function or variable may be unsafe. Consider using strcpy_s instead. To disable deprecation, use _CRT_SECURE_NO_WARNINGS. See online help for details.
                 c:\program files (x86)\microsoft visual studio 11.0\vc\include\string.h(110) : see declaration of 'strcpy'
     1>c:\users\nick\downloads\bluesoleil sdk 2.1.8\bluesoleil sdk\sdksample\gatt_test.c(2014): warning C4018: '<' : signed/unsigned mismatch
     1>c:\users\nick\downloads\bluesoleil sdk 2.1.8\bluesoleil sdk\sdksample\gatt_test.c(2079): warning C4244: '=' : conversion from 'WORD' to 'BTUINT8', possible loss of data
     1>c:\users\nick\downloads\bluesoleil sdk 2.1.8\bluesoleil sdk\sdksample\gatt_test.c(2080): warning C4244: '=' : conversion from 'WORD' to 'BTUINT8', possible loss of data
     1>c:\users\nick\downloads\bluesoleil sdk 2.1.8\bluesoleil sdk\sdksample\gatt_test.c(2081): warning C4244: '=' : conversion from 'WORD' to 'BTUINT8', possible loss of data
     1>c:\users\nick\downloads\bluesoleil sdk 2.1.8\bluesoleil sdk\sdksample\gatt_test.c(2082): warning C4244: '=' : conversion from 'WORD' to 'BTUINT8', possible loss of data
     1>c:\users\nick\downloads\bluesoleil sdk 2.1.8\bluesoleil sdk\sdksample\gatt_test.c(2083): warning C4244: '=' : conversion from 'WORD' to 'BTUINT8', possible loss of data
     1>c:\users\nick\downloads\bluesoleil sdk 2.1.8\bluesoleil sdk\sdksample\gatt_test.c(2140): warning C4244: '=' : conversion from 'WORD' to 'BTUINT8', possible loss of data
     1>c:\users\nick\downloads\bluesoleil sdk 2.1.8\bluesoleil sdk\sdksample\gatt_test.c(2142): warning C4244: '=' : conversion from 'WORD' to 'BTUINT8', possible loss of data
     1>c:\users\nick\downloads\bluesoleil sdk 2.1.8\bluesoleil sdk\sdksample\gatt_test.c(2146): warning C4244: '=' : conversion from 'WORD' to 'BTUINT8', possible loss of data
     1>c:\users\nick\downloads\bluesoleil sdk 2.1.8\bluesoleil sdk\sdksample\gatt_test.c(2148): warning C4244: '=' : conversion from 'WORD' to 'BTUINT8', possible loss of data
     1>c:\users\nick\downloads\bluesoleil sdk 2.1.8\bluesoleil sdk\sdksample\gatt_test.c(2150): warning C4244: '=' : conversion from 'WORD' to 'BTUINT8', possible loss of data
     1>c:\users\nick\downloads\bluesoleil sdk 2.1.8\bluesoleil sdk\sdksample\gatt_test.c(2178): warning C4996: 'scanf': This function or variable may be unsafe. Consider using scanf_s instead. To disable deprecation, use _CRT_SECURE_NO_WARNINGS. See online help for details.
                 c:\program files (x86)\microsoft visual studio 11.0\vc\include\stdio.h(290) : see declaration of 'scanf'
     1>c:\users\nick\downloads\bluesoleil sdk 2.1.8\bluesoleil sdk\sdksample\gatt_test.c(2187): warning C4996: 'scanf': This function or variable may be unsafe. Consider using scanf_s instead. To disable deprecation, use _CRT_SECURE_NO_WARNINGS. See online help for details.
                 c:\program files (x86)\microsoft visual studio 11.0\vc\include\stdio.h(290) : see declaration of 'scanf'
     1>c:\users\nick\downloads\bluesoleil sdk 2.1.8\bluesoleil sdk\sdksample\gatt_test.c(2292): warning C4996: 'sprintf': This function or variable may be unsafe. Consider using sprintf_s instead. To disable deprecation, use _CRT_SECURE_NO_WARNINGS. See online help for details.
                 c:\program files (x86)\microsoft visual studio 11.0\vc\include\stdio.h(357) : see declaration of 'sprintf'
     1>c:\users\nick\downloads\bluesoleil sdk 2.1.8\bluesoleil sdk\sdksample\gatt_test.c(2312): warning C4101: 'size_req' : unreferenced local variable
     1>C:\Program Files (x86)\MSBuild\Microsoft.Cpp\v4.0\V110\Microsoft.CppBuild.targets(1137,5): warning MSB8012: TargetPath(C:\Users\Nick\Downloads\BlueSoleil SDK 2.1.8\BlueSoleil SDK\SDKsample\.\Debug\sdksample.exe) does not match the Linker's OutputFile property value (C:\Users\Nick\Downloads\BlueSoleil SDK 2.1.8\BlueSoleil SDK\bin\sdksample_debug.exe). This may cause your project to build incorrectly. To correct this, please make sure that $(OutDir), $(TargetName) and $(TargetExt) property values match the value specified in %(Link.OutputFile).
     1>C:\Program Files (x86)\MSBuild\Microsoft.Cpp\v4.0\V110\Microsoft.CppBuild.targets(1139,5): warning MSB8012: TargetName(sdksample) does not match the Linker's OutputFile property value (sdksample_debug). This may cause your project to build incorrectly. To correct this, please make sure that $(OutDir), $(TargetName) and $(TargetExt) property values match the value specified in %(Link.OutputFile).
       Link:
         C:\Program Files (x86)\Microsoft Visual Studio 11.0\VC\bin\link.exe /ERRORREPORT:PROMPT /OUT:"../bin/sdksample_debug.exe" /INCREMENTAL /NOLOGO /LIBPATH:..\BIN /LIBPATH:\Lib msvcrtd.lib winmm.lib Setupapi.lib Advapi32.lib ws2_32.lib Shlwapi.lib Winspool.lib Msacm32.lib BSSDK.lib odbc32.lib odbccp32.lib bmsg_parserd.lib shlwapi.lib kernel32.lib user32.lib gdi32.lib winspool.lib comdlg32.lib advapi32.lib shell32.lib ole32.lib oleaut32.lib uuid.lib odbc32.lib odbccp32.lib /NODEFAULTLIB:libcmtd.lib /NODEFAULTLIB:libcd.lib /MANIFEST /MANIFESTUAC:"level='asInvoker' uiAccess='false'" /manifest:embed /DEBUG /PDB:".\Debug\sdksample.pdb" /SUBSYSTEM:CONSOLE /TLBID:1 /DYNAMICBASE /NXCOMPAT /IMPLIB:".\Debug\sdksample.lib" /MACHINE:X86 /SAFESEH .\Debug\av_tst.obj
         .\Debug\ftpopp_tst.obj
         .\Debug\gatt_test.obj
         .\Debug\hfp_tst.obj
         .\Debug\hid_tst.obj
         .\Debug\loc_dev_tst.obj
         .\Debug\map_tst.obj
         .\Debug\pan_tst.obj
         .\Debug\pbap_tst.obj
         .\Debug\profiles_tst.obj
         .\Debug\report.obj
         .\Debug\rmt_dev_tst.obj
         .\Debug\rmt_svc_tst.obj
         .\Debug\sdk_tst.obj
         .\Debug\spp_tst.obj
         .\Debug\vcc.obj
         .\Debug\vobject.obj
     1>av_tst.obj : warning LNK4075: ignoring '/EDITANDCONTINUE' due to '/SAFESEH' specification
     1>bmsg_parserd.lib(bmsg_parser.obj) : error LNK2026: module unsafe for SAFESEH image.
     1>bmsg_parserd.lib(parser_fsm.obj) : error LNK2026: module unsafe for SAFESEH image.
     1>bmsg_parserd.lib(dbg_print.obj) : error LNK2026: module unsafe for SAFESEH image.
     1>bmsg_parserd.lib(hlp_parser.obj) : error LNK2026: module unsafe for SAFESEH image.
            Creating library .\Debug\sdksample.lib and object .\Debug\sdksample.exp
     1>../bin/sdksample_debug.exe : fatal error LNK1281: Unable to generate SAFESEH image.
     1>Done Building Project "C:\Users\Nick\Downloads\BlueSoleil SDK 2.1.8\BlueSoleil SDK\SDKsample\sdksample.vcxproj" (Build target(s)) -- FAILED.

Build FAILED.

Time Elapsed 00:00:01.26
