C:\USERS\NICK\DOWNLOADS\BLUESOLEIL SDK 2.1.8\BLUESOLEIL SDK\SDKSAMPLE\RELEASE\VOBJECT.OBJ
C:\USERS\NICK\DOWNLOADS\BLUESOLEIL SDK 2.1.8\BLUESOLEIL SDK\SDKSAMPLE\RELEASE\VCC.OBJ
C:\USERS\NICK\DOWNLOADS\BLUESOLEIL SDK 2.1.8\BLUESOLEIL SDK\SDKSAMPLE\RELEASE\SPP_TST.OBJ
C:\USERS\NICK\DOWNLOADS\BLUESOLEIL SDK 2.1.8\BLUESOLEIL SDK\SDKSAMPLE\RELEASE\SDK_TST.OBJ
C:\USERS\NICK\DOWNLOADS\BLUESOLEIL SDK 2.1.8\BLUESOLEIL SDK\SDKSAMPLE\RELEASE\RMT_SVC_TST.OBJ
C:\USERS\NICK\DOWNLOADS\BLUESOLEIL SDK 2.1.8\BLUESOLEIL SDK\SDKSAMPLE\RELEASE\RMT_DEV_TST.OBJ
C:\USERS\NICK\DOWNLOADS\BLUESOLEIL SDK 2.1.8\BLUESOLEIL SDK\SDKSAMPLE\RELEASE\REPORT.OBJ
C:\USERS\NICK\DOWNLOADS\BLUESOLEIL SDK 2.1.8\BLUESOLEIL SDK\SDKSAMPLE\RELEASE\PROFILES_TST.OBJ
C:\USERS\NICK\DOWNLOADS\BLUESOLEIL SDK 2.1.8\BLUESOLEIL SDK\SDKSAMPLE\RELEASE\PBAP_TST.OBJ
C:\USERS\NICK\DOWNLOADS\BLUESOLEIL SDK 2.1.8\BLUESOLEIL SDK\SDKSAMPLE\RELEASE\PAN_TST.OBJ
C:\USERS\NICK\DOWNLOADS\BLUESOLEIL SDK 2.1.8\BLUESOLEIL SDK\SDKSAMPLE\RELEASE\MAP_TST.OBJ
C:\USERS\NICK\DOWNLOADS\BLUESOLEIL SDK 2.1.8\BLUESOLEIL SDK\SDKSAMPLE\RELEASE\LOC_DEV_TST.OBJ
C:\USERS\NICK\DOWNLOADS\BLUESOLEIL SDK 2.1.8\BLUESOLEIL SDK\SDKSAMPLE\RELEASE\HID_TST.OBJ
C:\USERS\NICK\DOWNLOADS\BLUESOLEIL SDK 2.1.8\BLUESOLEIL SDK\SDKSAMPLE\RELEASE\HFP_TST.OBJ
C:\USERS\NICK\DOWNLOADS\BLUESOLEIL SDK 2.1.8\BLUESOLEIL SDK\SDKSAMPLE\RELEASE\GATT_TEST.OBJ
C:\USERS\NICK\DOWNLOADS\BLUESOLEIL SDK 2.1.8\BLUESOLEIL SDK\SDKSAMPLE\RELEASE\FTPOPP_TST.OBJ
C:\USERS\NICK\DOWNLOADS\BLUESOLEIL SDK 2.1.8\BLUESOLEIL SDK\SDKSAMPLE\RELEASE\AV_TST.OBJ
C:\USERS\NICK\DOWNLOADS\BLUESOLEIL SDK 2.1.8\BLUESOLEIL SDK\SDKSAMPLE\RELEASE\VC110.PDB
C:\USERS\NICK\DOWNLOADS\BLUESOLEIL SDK 2.1.8\BLUESOLEIL SDK\SDKSAMPLE\RELEASE\SDKSAMPLE.EXE
C:\Users\Nick\Downloads\BlueSoleil SDK 2.1.8\BlueSoleil SDK\SDKsample\Release\sdksample.lib
C:\Users\Nick\Downloads\BlueSoleil SDK 2.1.8\BlueSoleil SDK\SDKsample\Release\sdksample.exp
C:\Users\Nick\Downloads\BlueSoleil SDK 2.1.8\BlueSoleil SDK\SDKsample\Release\av_tst.obj
C:\Users\Nick\Downloads\BlueSoleil SDK 2.1.8\BlueSoleil SDK\SDKsample\Release\ftpopp_tst.obj
C:\Users\Nick\Downloads\BlueSoleil SDK 2.1.8\BlueSoleil SDK\SDKsample\Release\gatt_test.obj
C:\Users\Nick\Downloads\BlueSoleil SDK 2.1.8\BlueSoleil SDK\SDKsample\Release\hfp_tst.obj
C:\Users\Nick\Downloads\BlueSoleil SDK 2.1.8\BlueSoleil SDK\SDKsample\Release\hid_tst.obj
C:\Users\Nick\Downloads\BlueSoleil SDK 2.1.8\BlueSoleil SDK\SDKsample\Release\loc_dev_tst.obj
C:\Users\Nick\Downloads\BlueSoleil SDK 2.1.8\BlueSoleil SDK\SDKsample\Release\map_tst.obj
C:\Users\Nick\Downloads\BlueSoleil SDK 2.1.8\BlueSoleil SDK\SDKsample\Release\pan_tst.obj
C:\Users\Nick\Downloads\BlueSoleil SDK 2.1.8\BlueSoleil SDK\SDKsample\Release\pbap_tst.obj
C:\Users\Nick\Downloads\BlueSoleil SDK 2.1.8\BlueSoleil SDK\SDKsample\Release\profiles_tst.obj
C:\Users\Nick\Downloads\BlueSoleil SDK 2.1.8\BlueSoleil SDK\SDKsample\Release\report.obj
C:\Users\Nick\Downloads\BlueSoleil SDK 2.1.8\BlueSoleil SDK\SDKsample\Release\rmt_dev_tst.obj
C:\Users\Nick\Downloads\BlueSoleil SDK 2.1.8\BlueSoleil SDK\SDKsample\Release\rmt_svc_tst.obj
C:\Users\Nick\Downloads\BlueSoleil SDK 2.1.8\BlueSoleil SDK\SDKsample\Release\sdk_tst.obj
C:\Users\Nick\Downloads\BlueSoleil SDK 2.1.8\BlueSoleil SDK\SDKsample\Release\spp_tst.obj
C:\Users\Nick\Downloads\BlueSoleil SDK 2.1.8\BlueSoleil SDK\SDKsample\Release\vcc.obj
C:\Users\Nick\Downloads\BlueSoleil SDK 2.1.8\BlueSoleil SDK\SDKsample\Release\vobject.obj
C:\Users\Nick\Downloads\BlueSoleil SDK 2.1.8\BlueSoleil SDK\SDKsample\Release\cl.command.1.tlog
C:\Users\Nick\Downloads\BlueSoleil SDK 2.1.8\BlueSoleil SDK\SDKsample\Release\CL.read.1.tlog
C:\Users\Nick\Downloads\BlueSoleil SDK 2.1.8\BlueSoleil SDK\SDKsample\Release\CL.write.1.tlog
C:\Users\Nick\Downloads\BlueSoleil SDK 2.1.8\BlueSoleil SDK\SDKsample\Release\link-cvtres.read.1.tlog
C:\Users\Nick\Downloads\BlueSoleil SDK 2.1.8\BlueSoleil SDK\SDKsample\Release\link-cvtres.write.1.tlog
C:\Users\Nick\Downloads\BlueSoleil SDK 2.1.8\BlueSoleil SDK\SDKsample\Release\link-rc.read.1.tlog
C:\Users\Nick\Downloads\BlueSoleil SDK 2.1.8\BlueSoleil SDK\SDKsample\Release\link-rc.write.1.tlog
C:\Users\Nick\Downloads\BlueSoleil SDK 2.1.8\BlueSoleil SDK\SDKsample\Release\link.command.1.tlog
C:\Users\Nick\Downloads\BlueSoleil SDK 2.1.8\BlueSoleil SDK\SDKsample\Release\link.read.1.tlog
C:\Users\Nick\Downloads\BlueSoleil SDK 2.1.8\BlueSoleil SDK\SDKsample\Release\link.write.1.tlog
C:\Users\Nick\Downloads\BlueSoleil SDK 2.1.8\BlueSoleil SDK\SDKsample\Release\sdksample.write.1.tlog
C:\Users\Nick\Downloads\BlueSoleil SDK 2.1.8\BlueSoleil SDK\SDKsample\Release\vc110.pdb
C:\Users\Nick\Downloads\BlueSoleil SDK 2.1.8\BlueSoleil SDK\SDKsample\.\Release\sdksample.exe
